Determining if the pthread_create exist failed with the following output:
Change Dir: /home/phyorch/PROJECT/zed_grabber/cmake-build-debug/CMakeFiles/CMakeTmp

Run Build Command:"/usr/bin/make" "cmTC_a6f0b/fast"
/usr/bin/make -f CMakeFiles/cmTC_a6f0b.dir/build.make CMakeFiles/cmTC_a6f0b.dir/build
make[1]: Entering directory '/home/phyorch/PROJECT/zed_grabber/cmake-build-debug/CMakeFiles/CMakeTmp'
Building C object CMakeFiles/cmTC_a6f0b.dir/CheckSymbolExists.c.o
/usr/bin/gcc-5   -fPIC    -o CMakeFiles/cmTC_a6f0b.dir/CheckSymbolExists.c.o   -c /home/phyorch/PROJECT/zed_grabber/cmake-build-debug/CMakeFiles/CMakeTmp/CheckSymbolExists.c
Linking C executable cmTC_a6f0b
/home/phyorch/Install_Lib/clion-2018.1/bin/cmake/bin/cmake -E cmake_link_script CMakeFiles/cmTC_a6f0b.dir/link.txt --verbose=1
/usr/bin/gcc-5 -fPIC     -rdynamic CMakeFiles/cmTC_a6f0b.dir/CheckSymbolExists.c.o  -o cmTC_a6f0b 
CMakeFiles/cmTC_a6f0b.dir/CheckSymbolExists.c.o: In function `main':
CheckSymbolExists.c:(.text+0x1b): undefined reference to `pthread_create'
collect2: error: ld returned 1 exit status
CMakeFiles/cmTC_a6f0b.dir/build.make:97: recipe for target 'cmTC_a6f0b' failed
make[1]: *** [cmTC_a6f0b] Error 1
make[1]: Leaving directory '/home/phyorch/PROJECT/zed_grabber/cmake-build-debug/CMakeFiles/CMakeTmp'
Makefile:126: recipe for target 'cmTC_a6f0b/fast' failed
make: *** [cmTC_a6f0b/fast] Error 2

File /home/phyorch/PROJECT/zed_grabber/cmake-build-debug/CMakeFiles/CMakeTmp/CheckSymbolExists.c:
/* */
#include <pthread.h>

int main(int argc, char** argv)
{
  (void)argv;
#ifndef pthread_create
  return ((int*)(&pthread_create))[argc];
#else
  (void)argc;
  return 0;
#endif
}

Determining if the function pthread_create exists in the pthreads failed with the following output:
Change Dir: /home/phyorch/PROJECT/zed_grabber/cmake-build-debug/CMakeFiles/CMakeTmp

Run Build Command:"/usr/bin/make" "cmTC_962ab/fast"
/usr/bin/make -f CMakeFiles/cmTC_962ab.dir/build.make CMakeFiles/cmTC_962ab.dir/build
make[1]: Entering directory '/home/phyorch/PROJECT/zed_grabber/cmake-build-debug/CMakeFiles/CMakeTmp'
Building C object CMakeFiles/cmTC_962ab.dir/CheckFunctionExists.c.o
/usr/bin/gcc-5   -fPIC -DCHECK_FUNCTION_EXISTS=pthread_create   -o CMakeFiles/cmTC_962ab.dir/CheckFunctionExists.c.o   -c /home/phyorch/Install_Lib/clion-2018.1/bin/cmake/share/cmake-3.10/Modules/CheckFunctionExists.c
Linking C executable cmTC_962ab
/home/phyorch/Install_Lib/clion-2018.1/bin/cmake/bin/cmake -E cmake_link_script CMakeFiles/cmTC_962ab.dir/link.txt --verbose=1
/usr/bin/gcc-5 -fPIC -DCHECK_FUNCTION_EXISTS=pthread_create    -rdynamic CMakeFiles/cmTC_962ab.dir/CheckFunctionExists.c.o  -o cmTC_962ab -lpthreads 
/usr/bin/ld: cannot find -lpthreads
collect2: error: ld returned 1 exit status
CMakeFiles/cmTC_962ab.dir/build.make:97: recipe for target 'cmTC_962ab' failed
make[1]: *** [cmTC_962ab] Error 1
make[1]: Leaving directory '/home/phyorch/PROJECT/zed_grabber/cmake-build-debug/CMakeFiles/CMakeTmp'
Makefile:126: recipe for target 'cmTC_962ab/fast' failed
make: *** [cmTC_962ab/fast] Error 2


