Determining if the pthread_create exist failed with the following output:
Change Dir: /home/phyorch/PROJECT/zed_grabber/camera control/cmake-build-debug/CMakeFiles/CMakeTmp

Run Build Command:"/usr/bin/make" "cmTC_cc6bf/fast"
/usr/bin/make -f CMakeFiles/cmTC_cc6bf.dir/build.make CMakeFiles/cmTC_cc6bf.dir/build
make[1]: Entering directory '/home/phyorch/PROJECT/zed_grabber/camera control/cmake-build-debug/CMakeFiles/CMakeTmp'
Building C object CMakeFiles/cmTC_cc6bf.dir/CheckSymbolExists.c.o
/usr/bin/gcc-5   -fPIC    -o CMakeFiles/cmTC_cc6bf.dir/CheckSymbolExists.c.o   -c "/home/phyorch/PROJECT/zed_grabber/camera control/cmake-build-debug/CMakeFiles/CMakeTmp/CheckSymbolExists.c"
Linking C executable cmTC_cc6bf
/home/phyorch/Install_Lib/clion-2018.1/bin/cmake/bin/cmake -E cmake_link_script CMakeFiles/cmTC_cc6bf.dir/link.txt --verbose=1
/usr/bin/gcc-5 -fPIC     -rdynamic CMakeFiles/cmTC_cc6bf.dir/CheckSymbolExists.c.o  -o cmTC_cc6bf 
CMakeFiles/cmTC_cc6bf.dir/CheckSymbolExists.c.o: In function `main':
CheckSymbolExists.c:(.text+0x1b): undefined reference to `pthread_create'
collect2: error: ld returned 1 exit status
CMakeFiles/cmTC_cc6bf.dir/build.make:97: recipe for target 'cmTC_cc6bf' failed
make[1]: *** [cmTC_cc6bf] Error 1
make[1]: Leaving directory '/home/phyorch/PROJECT/zed_grabber/camera control/cmake-build-debug/CMakeFiles/CMakeTmp'
Makefile:126: recipe for target 'cmTC_cc6bf/fast' failed
make: *** [cmTC_cc6bf/fast] Error 2

File /home/phyorch/PROJECT/zed_grabber/camera control/cmake-build-debug/CMakeFiles/CMakeTmp/CheckSymbolExists.c:
/* */
#include <pthread.h>

int main(int argc, char** argv)
{
  (void)argv;
#ifndef pthread_create
  return ((int*)(&pthread_create))[argc];
#else
  (void)argc;
  return 0;
#endif
}

Determining if the function pthread_create exists in the pthreads failed with the following output:
Change Dir: /home/phyorch/PROJECT/zed_grabber/camera control/cmake-build-debug/CMakeFiles/CMakeTmp

Run Build Command:"/usr/bin/make" "cmTC_fa54f/fast"
/usr/bin/make -f CMakeFiles/cmTC_fa54f.dir/build.make CMakeFiles/cmTC_fa54f.dir/build
make[1]: Entering directory '/home/phyorch/PROJECT/zed_grabber/camera control/cmake-build-debug/CMakeFiles/CMakeTmp'
Building C object CMakeFiles/cmTC_fa54f.dir/CheckFunctionExists.c.o
/usr/bin/gcc-5   -fPIC -DCHECK_FUNCTION_EXISTS=pthread_create   -o CMakeFiles/cmTC_fa54f.dir/CheckFunctionExists.c.o   -c /home/phyorch/Install_Lib/clion-2018.1/bin/cmake/share/cmake-3.10/Modules/CheckFunctionExists.c
Linking C executable cmTC_fa54f
/home/phyorch/Install_Lib/clion-2018.1/bin/cmake/bin/cmake -E cmake_link_script CMakeFiles/cmTC_fa54f.dir/link.txt --verbose=1
/usr/bin/gcc-5 -fPIC -DCHECK_FUNCTION_EXISTS=pthread_create    -rdynamic CMakeFiles/cmTC_fa54f.dir/CheckFunctionExists.c.o  -o cmTC_fa54f -lpthreads 
/usr/bin/ld: cannot find -lpthreads
collect2: error: ld returned 1 exit status
CMakeFiles/cmTC_fa54f.dir/build.make:97: recipe for target 'cmTC_fa54f' failed
make[1]: *** [cmTC_fa54f] Error 1
make[1]: Leaving directory '/home/phyorch/PROJECT/zed_grabber/camera control/cmake-build-debug/CMakeFiles/CMakeTmp'
Makefile:126: recipe for target 'cmTC_fa54f/fast' failed
make: *** [cmTC_fa54f/fast] Error 2


