Determining if the pthread_create exist failed with the following output:
Change Dir: /home/phyorch/PROJECT/zed_grabber/depth sensing/cmake-build-debug/CMakeFiles/CMakeTmp

Run Build Command:"/usr/bin/make" "cmTC_73669/fast"
/usr/bin/make -f CMakeFiles/cmTC_73669.dir/build.make CMakeFiles/cmTC_73669.dir/build
make[1]: Entering directory '/home/phyorch/PROJECT/zed_grabber/depth sensing/cmake-build-debug/CMakeFiles/CMakeTmp'
Building C object CMakeFiles/cmTC_73669.dir/CheckSymbolExists.c.o
/usr/bin/gcc-5   -fPIC    -o CMakeFiles/cmTC_73669.dir/CheckSymbolExists.c.o   -c "/home/phyorch/PROJECT/zed_grabber/depth sensing/cmake-build-debug/CMakeFiles/CMakeTmp/CheckSymbolExists.c"
Linking C executable cmTC_73669
/home/phyorch/Install_Lib/clion-2018.1/bin/cmake/bin/cmake -E cmake_link_script CMakeFiles/cmTC_73669.dir/link.txt --verbose=1
/usr/bin/gcc-5 -fPIC     -rdynamic CMakeFiles/cmTC_73669.dir/CheckSymbolExists.c.o  -o cmTC_73669 
CMakeFiles/cmTC_73669.dir/CheckSymbolExists.c.o: In function `main':
CheckSymbolExists.c:(.text+0x1b): undefined reference to `pthread_create'
collect2: error: ld returned 1 exit status
CMakeFiles/cmTC_73669.dir/build.make:97: recipe for target 'cmTC_73669' failed
make[1]: *** [cmTC_73669] Error 1
make[1]: Leaving directory '/home/phyorch/PROJECT/zed_grabber/depth sensing/cmake-build-debug/CMakeFiles/CMakeTmp'
Makefile:126: recipe for target 'cmTC_73669/fast' failed
make: *** [cmTC_73669/fast] Error 2

File /home/phyorch/PROJECT/zed_grabber/depth sensing/cmake-build-debug/CMakeFiles/CMakeTmp/CheckSymbolExists.c:
/* */
#include <pthread.h>

int main(int argc, char** argv)
{
  (void)argv;
#ifndef pthread_create
  return ((int*)(&pthread_create))[argc];
#else
  (void)argc;
  return 0;
#endif
}

Determining if the function pthread_create exists in the pthreads failed with the following output:
Change Dir: /home/phyorch/PROJECT/zed_grabber/depth sensing/cmake-build-debug/CMakeFiles/CMakeTmp

Run Build Command:"/usr/bin/make" "cmTC_d467d/fast"
/usr/bin/make -f CMakeFiles/cmTC_d467d.dir/build.make CMakeFiles/cmTC_d467d.dir/build
make[1]: Entering directory '/home/phyorch/PROJECT/zed_grabber/depth sensing/cmake-build-debug/CMakeFiles/CMakeTmp'
Building C object CMakeFiles/cmTC_d467d.dir/CheckFunctionExists.c.o
/usr/bin/gcc-5   -fPIC -DCHECK_FUNCTION_EXISTS=pthread_create   -o CMakeFiles/cmTC_d467d.dir/CheckFunctionExists.c.o   -c /home/phyorch/Install_Lib/clion-2018.1/bin/cmake/share/cmake-3.10/Modules/CheckFunctionExists.c
Linking C executable cmTC_d467d
/home/phyorch/Install_Lib/clion-2018.1/bin/cmake/bin/cmake -E cmake_link_script CMakeFiles/cmTC_d467d.dir/link.txt --verbose=1
/usr/bin/gcc-5 -fPIC -DCHECK_FUNCTION_EXISTS=pthread_create    -rdynamic CMakeFiles/cmTC_d467d.dir/CheckFunctionExists.c.o  -o cmTC_d467d -lpthreads 
/usr/bin/ld: cannot find -lpthreads
collect2: error: ld returned 1 exit status
CMakeFiles/cmTC_d467d.dir/build.make:97: recipe for target 'cmTC_d467d' failed
make[1]: *** [cmTC_d467d] Error 1
make[1]: Leaving directory '/home/phyorch/PROJECT/zed_grabber/depth sensing/cmake-build-debug/CMakeFiles/CMakeTmp'
Makefile:126: recipe for target 'cmTC_d467d/fast' failed
make: *** [cmTC_d467d/fast] Error 2


